0 verbose cli C:\Program Files\nodejs\node.exe C:\Program Files\nodejs\node_modules\npm\bin\npm-cli.js
1 info using npm@10.9.2
2 info using node@v22.16.0
3 silly config load:file:C:\Program Files\nodejs\node_modules\npm\npmrc
4 silly config load:file:c:\SAM\Programming\Projects\showcases\org\.npmrc
5 silly config load:file:C:\Users\sacas\.npmrc
6 silly config load:file:C:\Users\sacas\AppData\Roaming\npm\etc\npmrc
7 verbose title npm exec nx daemon --start
8 verbose argv "exec" "--" "nx" "daemon" "--start"
9 verbose logfile logs-max:10 dir:c:\SAM\Programming\Projects\showcases\org\.npm_cache\_logs\2026-01-29T17_40_31_082Z-
10 verbose logfile c:\SAM\Programming\Projects\showcases\org\.npm_cache\_logs\2026-01-29T17_40_31_082Z-debug-0.log
11 silly logfile done cleaning log files
12 http fetch GET 200 https://registry.npmjs.org/npm 653ms
13 verbose cwd c:\SAM\Programming\Projects\showcases\org
14 verbose os Windows_NT 10.0.26200
15 verbose node v22.16.0
16 verbose npm  v10.9.2
17 notice
17 notice New major version of npm available! 10.9.2 -> 11.8.0
17 notice Changelog: https://github.com/npm/cli/releases/tag/v11.8.0
17 notice To update run: npm install -g npm@11.8.0
17 notice  { force: true, [Symbol(proc-log.meta)]: true }
18 verbose exit 0
19 info ok
